[2025-10-09T15:07:03.272Z] METHOD: POST /api/v1/signup
[2025-10-09T15:08:10.315Z] METHOD: POST /api/v1/signup
[2025-10-09T15:08:10.656Z] METHOD: POST /api/v1/signup
[2025-10-09T15:08:10.729Z] METHOD: POST /api/v1/signup
[2025-10-09T15:08:10.886Z] METHOD: POST /api/v1/login
[2025-10-09T15:08:11.371Z] METHOD: POST /api/v1/login
[2025-10-09T15:08:11.639Z] METHOD: PATCH /api/v1/users/upgrade-premium
[2025-10-09T15:08:12.031Z] METHOD: PATCH /api/v1/users/upgrade-premium
[2025-10-09T15:08:12.236Z] METHOD: GET /api/v1/routines/categories
[2025-10-09T15:08:12.330Z] METHOD: POST /api/v1/routines/
[2025-10-09T15:08:12.755Z] METHOD: POST /api/v1/routines/
[2025-10-09T15:08:12.845Z] METHOD: GET /api/v1/routines
[2025-10-09T15:08:12.970Z] METHOD: GET /api/v1/routines/68e7cfdcee8d97a323e63fe8
[2025-10-09T15:08:13.143Z] METHOD: GET /api/v1/routines/68e710be79cf6797c66d3da1
[2025-10-09T15:08:13.361Z] METHOD: PUT /api/v1/routines/68e7cfdcee8d97a323e63fe8
[2025-10-09T15:08:13.624Z] METHOD: DELETE /api/v1/routines/68e7cfdcee8d97a323e63fe8
[2025-10-09T15:08:13.828Z] METHOD: GET /api/v1/routines/count/
[2025-10-09T15:08:13.966Z] METHOD: POST /api/v1/signup
[2025-10-09T15:08:14.354Z] METHOD: POST /api/v1/login
[2025-10-09T15:08:14.990Z] METHOD: POST /api/v1/routines/count/
[2025-10-09T15:08:15.069Z] METHOD: POST /api/v1/routines/
[2025-10-09T15:08:15.312Z] METHOD: PATCH /api/v1/users/upgrade-premium
[2025-10-09T15:08:15.515Z] METHOD: POST /api/v1/routines/
[2025-10-09T15:09:10.824Z] METHOD: POST /api/v1/signup
[2025-10-09T15:09:11.222Z] METHOD: POST /api/v1/signup
[2025-10-09T15:09:11.319Z] METHOD: POST /api/v1/signup
[2025-10-09T15:09:11.458Z] METHOD: POST /api/v1/login
[2025-10-09T15:09:11.788Z] METHOD: POST /api/v1/login
[2025-10-09T15:09:12.189Z] METHOD: PATCH /api/v1/users/upgrade-premium
[2025-10-09T15:09:12.439Z] METHOD: PATCH /api/v1/users/upgrade-premium
[2025-10-09T15:09:12.755Z] METHOD: GET /api/v1/routines/categories
[2025-10-09T15:09:12.851Z] METHOD: POST /api/v1/routines/
[2025-10-09T15:09:13.305Z] METHOD: POST /api/v1/routines/
[2025-10-09T15:09:13.400Z] METHOD: GET /api/v1/routines
[2025-10-09T15:09:13.554Z] METHOD: GET /api/v1/routines/68e7d019ee8d97a323e64023
[2025-10-09T15:09:13.771Z] METHOD: GET /api/v1/routines/68e710be79cf6797c66d3da1
[2025-10-09T15:09:13.957Z] METHOD: PUT /api/v1/routines/68e7d019ee8d97a323e64023
[2025-10-09T15:09:14.175Z] METHOD: DELETE /api/v1/routines/68e7d019ee8d97a323e64023
[2025-10-09T15:09:14.421Z] METHOD: GET /api/v1/routines/count/
[2025-10-09T15:09:14.627Z] METHOD: POST /api/v1/signup
[2025-10-09T15:09:14.988Z] METHOD: POST /api/v1/login
[2025-10-09T15:09:15.544Z] METHOD: POST /api/v1/routines/count/
[2025-10-09T15:09:15.652Z] METHOD: POST /api/v1/routines/
[2025-10-09T15:09:15.932Z] METHOD: PATCH /api/v1/users/upgrade-premium
[2025-10-09T15:09:16.100Z] METHOD: POST /api/v1/routines/
[2025-10-09T15:19:12.615Z] METHOD: POST /api/v1/signup
[2025-10-09T15:19:13.210Z] METHOD: POST /api/v1/signup
[2025-10-09T15:19:13.304Z] METHOD: POST /api/v1/signup
[2025-10-09T15:19:13.408Z] METHOD: POST /api/v1/login
[2025-10-09T15:19:13.758Z] METHOD: POST /api/v1/login
[2025-10-09T15:19:14.172Z] METHOD: PATCH /api/v1/users/upgrade-premium
[2025-10-09T15:19:14.499Z] METHOD: PATCH /api/v1/users/upgrade-premium
[2025-10-09T15:19:14.702Z] METHOD: GET /api/v1/routines/categories
[2025-10-09T15:19:14.739Z] METHOD: POST /api/v1/routines/
[2025-10-09T15:19:15.157Z] METHOD: POST /api/v1/routines/
[2025-10-09T15:19:15.235Z] METHOD: GET /api/v1/routines
[2025-10-09T15:19:15.488Z] METHOD: GET /api/v1/routines/68e7d272ee8d97a323e6405e
[2025-10-09T15:19:15.625Z] METHOD: GET /api/v1/routines/68e710be79cf6797c66d3da1
[2025-10-09T15:19:15.766Z] METHOD: PUT /api/v1/routines/68e7d272ee8d97a323e6405e
[2025-10-09T15:19:15.938Z] METHOD: DELETE /api/v1/routines/68e7d272ee8d97a323e6405e
[2025-10-09T15:19:16.125Z] METHOD: GET /api/v1/routines/count/
[2025-10-09T15:19:16.224Z] METHOD: POST /api/v1/signup
[2025-10-09T15:19:16.523Z] METHOD: POST /api/v1/login
[2025-10-09T15:19:17.035Z] METHOD: POST /api/v1/routines/count/
[2025-10-09T15:19:17.114Z] METHOD: POST /api/v1/routines/
[2025-10-09T15:19:17.390Z] METHOD: PATCH /api/v1/users/upgrade-premium
[2025-10-09T15:19:17.594Z] METHOD: POST /api/v1/routines/
[2025-10-09T15:21:44.752Z] METHOD: POST /api/v1/signup
[2025-10-09T15:21:45.182Z] METHOD: POST /api/v1/signup
[2025-10-09T15:21:45.275Z] METHOD: POST /api/v1/signup
[2025-10-09T15:21:45.432Z] METHOD: POST /api/v1/login
[2025-10-09T15:21:45.682Z] METHOD: POST /api/v1/login
[2025-10-09T15:21:45.967Z] METHOD: PATCH /api/v1/users/upgrade-premium
[2025-10-09T15:21:46.256Z] METHOD: PATCH /api/v1/users/upgrade-premium
[2025-10-09T15:21:46.488Z] METHOD: GET /api/v1/routines/categories
[2025-10-09T15:21:46.586Z] METHOD: POST /api/v1/routines/
[2025-10-09T15:21:46.832Z] METHOD: POST /api/v1/routines/
[2025-10-09T15:21:46.910Z] METHOD: GET /api/v1/routines
[2025-10-09T15:21:47.050Z] METHOD: GET /api/v1/routines/68e7d30aee8d97a323e64099
[2025-10-09T15:21:47.187Z] METHOD: GET /api/v1/routines/68e710be79cf6797c66d3da1
[2025-10-09T15:21:47.328Z] METHOD: PUT /api/v1/routines/68e7d30aee8d97a323e64099
[2025-10-09T15:21:47.513Z] METHOD: DELETE /api/v1/routines/68e7d30aee8d97a323e64099
[2025-10-09T15:21:47.699Z] METHOD: GET /api/v1/routines/count/
[2025-10-09T15:21:47.840Z] METHOD: POST /api/v1/signup
[2025-10-09T15:21:48.210Z] METHOD: POST /api/v1/login
[2025-10-09T15:21:48.718Z] METHOD: POST /api/v1/routines/count/
[2025-10-09T15:21:48.878Z] METHOD: POST /api/v1/routines/
[2025-10-09T15:21:49.596Z] METHOD: PATCH /api/v1/users/upgrade-premium
[2025-10-09T15:21:50.283Z] METHOD: POST /api/v1/routines/
[2025-10-09T15:29:22.234Z] METHOD: POST /api/v1/signup
[2025-10-09T15:29:22.562Z] METHOD: POST /api/v1/signup
[2025-10-09T15:29:22.654Z] METHOD: POST /api/v1/signup
[2025-10-09T15:29:22.790Z] METHOD: POST /api/v1/login
[2025-10-09T15:29:22.977Z] METHOD: POST /api/v1/login
[2025-10-09T15:29:23.161Z] METHOD: PATCH /api/v1/users/upgrade-premium
[2025-10-09T15:29:23.329Z] METHOD: PATCH /api/v1/users/upgrade-premium
[2025-10-09T15:29:23.451Z] METHOD: GET /api/v1/routines/categories
[2025-10-09T15:29:23.514Z] METHOD: POST /api/v1/routines/
[2025-10-09T15:29:23.731Z] METHOD: POST /api/v1/routines/
[2025-10-09T15:29:23.808Z] METHOD: GET /api/v1/routines
[2025-10-09T15:29:23.930Z] METHOD: GET /api/v1/routines/68e7d4d3ee8d97a323e640d4
[2025-10-09T15:29:24.068Z] METHOD: GET /api/v1/routines/68e710be79cf6797c66d3da1
[2025-10-09T15:29:24.197Z] METHOD: PUT /api/v1/routines/68e7d4d3ee8d97a323e640d4
[2025-10-09T15:29:24.394Z] METHOD: DELETE /api/v1/routines/68e7d4d3ee8d97a323e640d4
[2025-10-09T15:29:24.569Z] METHOD: GET /api/v1/routines/count/
[2025-10-09T15:29:24.689Z] METHOD: POST /api/v1/signup
[2025-10-09T15:29:24.949Z] METHOD: POST /api/v1/login
[2025-10-09T15:29:25.131Z] METHOD: POST /api/v1/routines/
[2025-10-09T15:29:25.151Z] METHOD: POST /api/v1/routines/
[2025-10-09T15:29:25.156Z] METHOD: POST /api/v1/routines/
[2025-10-09T15:29:25.160Z] METHOD: POST /api/v1/routines/
[2025-10-09T15:29:25.174Z] METHOD: POST /api/v1/routines/
[2025-10-09T15:29:25.167Z] METHOD: POST /api/v1/routines/
[2025-10-09T15:29:25.180Z] METHOD: POST /api/v1/routines/
[2025-10-09T15:29:25.188Z] METHOD: POST /api/v1/routines/
[2025-10-09T15:29:25.218Z] METHOD: POST /api/v1/routines/
[2025-10-09T15:29:25.224Z] METHOD: POST /api/v1/routines/
[2025-10-09T15:29:25.918Z] METHOD: POST /api/v1/routines/count/
[2025-10-09T15:29:26.022Z] METHOD: POST /api/v1/routines/
[2025-10-09T15:29:26.255Z] METHOD: PATCH /api/v1/users/upgrade-premium
[2025-10-09T15:29:26.440Z] METHOD: POST /api/v1/routines/
[2025-10-09T15:30:34.375Z] METHOD: POST /api/v1/signup
[2025-10-09T15:30:34.696Z] METHOD: POST /api/v1/signup
[2025-10-09T15:30:34.790Z] METHOD: POST /api/v1/signup
[2025-10-09T15:30:34.960Z] METHOD: POST /api/v1/login
[2025-10-09T15:30:35.272Z] METHOD: POST /api/v1/login
[2025-10-09T15:30:35.487Z] METHOD: PATCH /api/v1/users/upgrade-premium
[2025-10-09T15:30:35.692Z] METHOD: PATCH /api/v1/users/upgrade-premium
[2025-10-09T15:30:36.006Z] METHOD: GET /api/v1/routines/categories
[2025-10-09T15:30:36.099Z] METHOD: POST /api/v1/routines/
[2025-10-09T15:30:36.607Z] METHOD: POST /api/v1/routines/
[2025-10-09T15:30:36.688Z] METHOD: GET /api/v1/routines
[2025-10-09T15:30:36.872Z] METHOD: GET /api/v1/routines/68e7d51cee8d97a323e6411e
[2025-10-09T15:30:37.026Z] METHOD: GET /api/v1/routines/68e710be79cf6797c66d3da1
[2025-10-09T15:30:37.151Z] METHOD: PUT /api/v1/routines/68e7d51cee8d97a323e6411e
[2025-10-09T15:30:37.403Z] METHOD: DELETE /api/v1/routines/68e7d51cee8d97a323e6411e
[2025-10-09T15:30:37.617Z] METHOD: GET /api/v1/routines/count/
[2025-10-09T15:30:37.882Z] METHOD: POST /api/v1/signup
[2025-10-09T15:30:38.259Z] METHOD: POST /api/v1/login
[2025-10-09T15:30:38.485Z] METHOD: POST /api/v1/routines/
[2025-10-09T15:30:38.501Z] METHOD: POST /api/v1/routines/
[2025-10-09T15:30:38.497Z] METHOD: POST /api/v1/routines/
[2025-10-09T15:30:38.506Z] METHOD: POST /api/v1/routines/
[2025-10-09T15:30:38.512Z] METHOD: POST /api/v1/routines/
[2025-10-09T15:30:38.518Z] METHOD: POST /api/v1/routines/
[2025-10-09T15:30:38.527Z] METHOD: POST /api/v1/routines/
[2025-10-09T15:30:38.523Z] METHOD: POST /api/v1/routines/
[2025-10-09T15:30:38.531Z] METHOD: POST /api/v1/routines/
[2025-10-09T15:30:38.539Z] METHOD: POST /api/v1/routines/
[2025-10-09T15:30:38.788Z] METHOD: POST /api/v1/routines/count/
[2025-10-09T15:30:38.883Z] METHOD: POST /api/v1/routines/
[2025-10-09T15:30:39.085Z] METHOD: PATCH /api/v1/users/upgrade-premium
[2025-10-09T15:30:39.257Z] METHOD: POST /api/v1/routines/
[2025-10-09T15:33:34.544Z] METHOD: POST /api/v1/signup
[2025-10-09T15:33:34.776Z] METHOD: POST /api/v1/signup
[2025-10-09T15:33:34.872Z] METHOD: POST /api/v1/signup
[2025-10-09T15:33:35.009Z] METHOD: POST /api/v1/login
[2025-10-09T15:33:35.210Z] METHOD: POST /api/v1/login
[2025-10-09T15:33:35.427Z] METHOD: PATCH /api/v1/users/upgrade-premium
[2025-10-09T15:33:35.644Z] METHOD: PATCH /api/v1/users/upgrade-premium
[2025-10-09T15:33:35.783Z] METHOD: GET /api/v1/routines/categories
[2025-10-09T15:33:35.859Z] METHOD: POST /api/v1/routines/
[2025-10-09T15:33:36.186Z] METHOD: POST /api/v1/routines/
[2025-10-09T15:33:36.263Z] METHOD: GET /api/v1/routines
[2025-10-09T15:33:36.388Z] METHOD: GET /api/v1/routines/68e7d5d0ee8d97a323e64168
[2025-10-09T15:33:36.668Z] METHOD: GET /api/v1/routines/68e710be79cf6797c66d3da1
[2025-10-09T15:33:36.842Z] METHOD: PUT /api/v1/routines/68e7d5d0ee8d97a323e64168
[2025-10-09T15:33:37.121Z] METHOD: DELETE /api/v1/routines/68e7d5d0ee8d97a323e64168
[2025-10-09T15:33:37.323Z] METHOD: GET /api/v1/routines/count/
[2025-10-09T15:33:37.560Z] METHOD: POST /api/v1/signup
[2025-10-09T15:33:37.871Z] METHOD: POST /api/v1/login
[2025-10-09T15:33:38.146Z] METHOD: POST /api/v1/routines/
[2025-10-09T15:33:38.166Z] METHOD: POST /api/v1/routines/
[2025-10-09T15:33:38.162Z] METHOD: POST /api/v1/routines/
[2025-10-09T15:33:38.170Z] METHOD: POST /api/v1/routines/
[2025-10-09T15:33:38.178Z] METHOD: POST /api/v1/routines/
[2025-10-09T15:33:38.175Z] METHOD: POST /api/v1/routines/
[2025-10-09T15:33:38.191Z] METHOD: POST /api/v1/routines/
[2025-10-09T15:33:38.182Z] METHOD: POST /api/v1/routines/
[2025-10-09T15:33:38.187Z] METHOD: POST /api/v1/routines/
[2025-10-09T15:33:38.194Z] METHOD: POST /api/v1/routines/
[2025-10-09T15:33:38.700Z] METHOD: POST /api/v1/routines/
[2025-10-09T15:33:38.794Z] METHOD: POST /api/v1/routines/
[2025-10-09T15:33:39.855Z] METHOD: PATCH /api/v1/users/upgrade-premium
[2025-10-09T15:33:40.259Z] METHOD: POST /api/v1/routines/
[2025-10-09T15:34:49.232Z] METHOD: POST /api/v1/routines/
[2025-10-09T15:34:49.234Z] METHOD: POST /api/v1/routines/
[2025-10-09T15:34:49.238Z] METHOD: POST /api/v1/routines/
[2025-10-09T15:34:49.229Z] METHOD: POST /api/v1/routines/
[2025-10-09T15:34:49.246Z] METHOD: POST /api/v1/routines/
[2025-10-09T15:34:49.242Z] METHOD: POST /api/v1/routines/
[2025-10-09T15:34:49.256Z] METHOD: POST /api/v1/routines/
[2025-10-09T15:34:49.251Z] METHOD: POST /api/v1/routines/
[2025-10-09T15:34:49.259Z] METHOD: POST /api/v1/routines/
[2025-10-09T15:34:49.279Z] METHOD: POST /api/v1/routines/
[2025-10-09T15:34:49.605Z] METHOD: POST /api/v1/routines/
[2025-10-09T15:41:16.673Z] METHOD: POST /api/v1/routines/
[2025-10-09T15:41:16.655Z] METHOD: POST /api/v1/routines/
[2025-10-09T15:41:16.665Z] METHOD: POST /api/v1/routines/
[2025-10-09T15:41:16.669Z] METHOD: POST /api/v1/routines/
[2025-10-09T15:41:16.680Z] METHOD: POST /api/v1/routines/
[2025-10-09T15:41:16.685Z] METHOD: POST /api/v1/routines/
[2025-10-09T15:41:16.697Z] METHOD: POST /api/v1/routines/
[2025-10-09T15:41:16.702Z] METHOD: POST /api/v1/routines/
[2025-10-09T15:41:16.707Z] METHOD: POST /api/v1/routines/
[2025-10-09T15:41:16.744Z] METHOD: POST /api/v1/routines/
[2025-10-09T15:41:16.991Z] METHOD: POST /api/v1/routines/
[2025-10-09T15:41:50.930Z] METHOD: POST /api/v1/routines
[2025-10-09T15:41:51.279Z] METHOD: POST /api/v1/routines
[2025-10-09T15:41:51.287Z] METHOD: POST /api/v1/routines
[2025-10-09T15:41:51.311Z] METHOD: POST /api/v1/routines
[2025-10-09T15:41:51.328Z] METHOD: POST /api/v1/routines
[2025-10-09T15:41:51.343Z] METHOD: POST /api/v1/routines
[2025-10-09T15:41:51.359Z] METHOD: POST /api/v1/routines
[2025-10-09T15:41:51.790Z] METHOD: POST /api/v1/routines
[2025-10-09T15:41:52.086Z] METHOD: POST /api/v1/routines
[2025-10-09T15:41:52.103Z] METHOD: POST /api/v1/routines
[2025-10-09T15:41:52.133Z] METHOD: POST /api/v1/routines/
[2025-10-09T15:41:56.679Z] METHOD: POST /api/v1/routines/
[2025-10-09T15:41:56.695Z] METHOD: POST /api/v1/routines/
[2025-10-09T15:41:56.708Z] METHOD: POST /api/v1/routines/
[2025-10-09T15:41:56.699Z] METHOD: POST /api/v1/routines/
[2025-10-09T15:41:56.703Z] METHOD: POST /api/v1/routines/
[2025-10-09T15:41:56.716Z] METHOD: POST /api/v1/routines/
[2025-10-09T15:41:56.712Z] METHOD: POST /api/v1/routines/
[2025-10-09T15:41:56.723Z] METHOD: POST /api/v1/routines/
[2025-10-09T15:41:56.719Z] METHOD: POST /api/v1/routines/
[2025-10-09T15:41:56.802Z] METHOD: POST /api/v1/routines/
[2025-10-09T15:41:56.992Z] METHOD: POST /api/v1/routines/
[2025-10-09T15:42:35.529Z] METHOD: POST /api/v1/routines
[2025-10-09T15:42:35.824Z] METHOD: POST /api/v1/routines
[2025-10-09T15:42:35.838Z] METHOD: POST /api/v1/routines
[2025-10-09T15:42:35.868Z] METHOD: POST /api/v1/routines
[2025-10-09T15:42:35.883Z] METHOD: POST /api/v1/routines
[2025-10-09T15:42:35.898Z] METHOD: POST /api/v1/routines
[2025-10-09T15:42:35.915Z] METHOD: POST /api/v1/routines
[2025-10-09T15:42:36.361Z] METHOD: POST /api/v1/routines
[2025-10-09T15:42:37.054Z] METHOD: POST /api/v1/routines
[2025-10-09T15:42:37.068Z] METHOD: POST /api/v1/routines
[2025-10-09T15:42:37.101Z] METHOD: POST /api/v1/routines/
[2025-10-09T15:50:37.426Z] METHOD: POST /api/v1/routines
[2025-10-09T15:50:37.680Z] METHOD: POST /api/v1/routines
[2025-10-09T15:50:38.024Z] METHOD: POST /api/v1/routines
[2025-10-09T15:50:38.331Z] METHOD: POST /api/v1/routines
[2025-10-09T15:50:38.733Z] METHOD: POST /api/v1/routines
[2025-10-09T15:50:39.043Z] METHOD: POST /api/v1/routines
[2025-10-09T15:50:39.247Z] METHOD: POST /api/v1/routines
[2025-10-09T15:50:39.419Z] METHOD: POST /api/v1/routines
[2025-10-09T15:50:39.574Z] METHOD: POST /api/v1/routines
[2025-10-09T15:50:39.731Z] METHOD: POST /api/v1/routines
[2025-10-09T15:50:39.918Z] METHOD: POST /api/v1/routines/
[2025-10-09T15:50:45.225Z] METHOD: POST /api/v1/routines
[2025-10-09T15:50:45.512Z] METHOD: POST /api/v1/routines
[2025-10-09T15:50:45.798Z] METHOD: POST /api/v1/routines
[2025-10-09T15:50:46.076Z] METHOD: POST /api/v1/routines
[2025-10-09T15:50:46.527Z] METHOD: POST /api/v1/routines
[2025-10-09T15:50:46.823Z] METHOD: POST /api/v1/routines
[2025-10-09T15:50:47.327Z] METHOD: POST /api/v1/routines
[2025-10-09T15:50:47.648Z] METHOD: POST /api/v1/routines
[2025-10-09T15:50:47.913Z] METHOD: POST /api/v1/routines
[2025-10-09T15:50:48.192Z] METHOD: POST /api/v1/routines
[2025-10-09T15:50:48.597Z] METHOD: POST /api/v1/routines/
[2025-10-09T15:57:58.560Z] METHOD: POST /api/v1/routines
[2025-10-09T15:57:58.766Z] METHOD: POST /api/v1/routines
[2025-10-09T15:57:59.058Z] METHOD: POST /api/v1/routines
[2025-10-09T15:57:59.371Z] METHOD: POST /api/v1/routines
[2025-10-09T15:57:59.687Z] METHOD: POST /api/v1/routines
[2025-10-09T15:57:59.979Z] METHOD: POST /api/v1/routines
[2025-10-09T15:58:00.290Z] METHOD: POST /api/v1/routines
[2025-10-09T15:58:00.602Z] METHOD: POST /api/v1/routines
[2025-10-09T15:58:00.911Z] METHOD: POST /api/v1/routines
[2025-10-09T15:58:01.222Z] METHOD: POST /api/v1/routines/
[2025-10-09T15:58:13.552Z] METHOD: POST /api/v1/signup
[2025-10-09T15:58:13.991Z] METHOD: POST /api/v1/signup
[2025-10-09T15:58:14.086Z] METHOD: POST /api/v1/signup
[2025-10-09T15:58:14.243Z] METHOD: POST /api/v1/login
[2025-10-09T15:58:14.446Z] METHOD: POST /api/v1/login
[2025-10-09T15:58:14.757Z] METHOD: PATCH /api/v1/users/upgrade-premium
[2025-10-09T15:58:15.098Z] METHOD: PATCH /api/v1/users/upgrade-premium
[2025-10-09T15:58:15.315Z] METHOD: GET /api/v1/routines/categories
[2025-10-09T15:58:15.410Z] METHOD: POST /api/v1/routines/
[2025-10-09T15:58:15.644Z] METHOD: POST /api/v1/routines/
[2025-10-09T15:58:15.721Z] METHOD: GET /api/v1/routines
[2025-10-09T15:58:15.949Z] METHOD: GET /api/v1/routines/68e7db97ee8d97a323e64294
[2025-10-09T15:58:16.124Z] METHOD: GET /api/v1/routines/68e710be79cf6797c66d3da1
[2025-10-09T15:58:16.341Z] METHOD: PUT /api/v1/routines/68e7db97ee8d97a323e64294
[2025-10-09T15:58:16.930Z] METHOD: DELETE /api/v1/routines/68e7db97ee8d97a323e64294
[2025-10-09T15:58:17.101Z] METHOD: GET /api/v1/routines/count/
[2025-10-09T15:58:17.242Z] METHOD: POST /api/v1/signup
[2025-10-09T15:58:17.491Z] METHOD: POST /api/v1/login
[2025-10-09T15:58:17.662Z] METHOD: POST /api/v1/routines
[2025-10-09T15:58:17.865Z] METHOD: POST /api/v1/routines
[2025-10-09T15:58:18.023Z] METHOD: POST /api/v1/routines
[2025-10-09T15:58:18.177Z] METHOD: POST /api/v1/routines
[2025-10-09T15:58:18.348Z] METHOD: POST /api/v1/routines
[2025-10-09T15:58:18.509Z] METHOD: POST /api/v1/routines
[2025-10-09T15:58:18.737Z] METHOD: POST /api/v1/routines
[2025-10-09T15:58:19.126Z] METHOD: POST /api/v1/routines
[2025-10-09T15:58:19.437Z] METHOD: POST /api/v1/routines
[2025-10-09T15:58:19.868Z] METHOD: POST /api/v1/routines/
[2025-10-09T15:58:20.325Z] METHOD: POST /api/v1/routines/
[2025-10-09T15:58:20.632Z] METHOD: PATCH /api/v1/users/upgrade-premium
[2025-10-09T15:58:20.979Z] METHOD: POST /api/v1/routines/
[2025-10-09T15:59:50.314Z] METHOD: POST /api/v1/signup
[2025-10-09T15:59:50.599Z] METHOD: POST /api/v1/signup
[2025-10-09T15:59:50.691Z] METHOD: POST /api/v1/signup
[2025-10-09T15:59:50.830Z] METHOD: POST /api/v1/login
[2025-10-09T15:59:51.146Z] METHOD: POST /api/v1/login
[2025-10-09T15:59:51.362Z] METHOD: PATCH /api/v1/users/upgrade-premium
[2025-10-09T15:59:51.547Z] METHOD: PATCH /api/v1/users/upgrade-premium
[2025-10-09T15:59:51.671Z] METHOD: GET /api/v1/routines/categories
[2025-10-09T15:59:51.762Z] METHOD: POST /api/v1/routines/
[2025-10-09T15:59:51.981Z] METHOD: POST /api/v1/routines/
[2025-10-09T15:59:52.075Z] METHOD: GET /api/v1/routines
[2025-10-09T15:59:52.214Z] METHOD: GET /api/v1/routines/68e7dbf7ee8d97a323e642ff
[2025-10-09T15:59:52.338Z] METHOD: GET /api/v1/routines/68e710be79cf6797c66d3da1
[2025-10-09T15:59:52.465Z] METHOD: PUT /api/v1/routines/68e7dbf7ee8d97a323e642ff
[2025-10-09T15:59:52.654Z] METHOD: DELETE /api/v1/routines/68e7dbf7ee8d97a323e642ff
[2025-10-09T15:59:52.854Z] METHOD: GET /api/v1/routines/count/
[2025-10-09T15:59:52.993Z] METHOD: POST /api/v1/signup
[2025-10-09T15:59:53.255Z] METHOD: POST /api/v1/login
[2025-10-09T15:59:53.443Z] METHOD: POST /api/v1/routines
[2025-10-09T15:59:53.753Z] METHOD: POST /api/v1/routines
[2025-10-09T15:59:53.957Z] METHOD: POST /api/v1/routines
[2025-10-09T15:59:54.317Z] METHOD: POST /api/v1/routines
[2025-10-09T15:59:54.673Z] METHOD: POST /api/v1/routines
[2025-10-09T15:59:54.965Z] METHOD: POST /api/v1/routines
[2025-10-09T15:59:55.231Z] METHOD: POST /api/v1/routines
[2025-10-09T15:59:55.448Z] METHOD: POST /api/v1/routines
[2025-10-09T15:59:55.596Z] METHOD: POST /api/v1/routines
[2025-10-09T15:59:55.759Z] METHOD: POST /api/v1/routines/
[2025-10-09T15:59:56.006Z] METHOD: POST /api/v1/routines/
[2025-10-09T15:59:56.176Z] METHOD: PATCH /api/v1/users/upgrade-premium
[2025-10-09T15:59:56.377Z] METHOD: POST /api/v1/routines/
[2025-10-09T16:00:25.553Z] METHOD: POST /api/v1/signup
[2025-10-09T16:00:25.823Z] METHOD: POST /api/v1/signup
[2025-10-09T16:00:25.900Z] METHOD: POST /api/v1/signup
[2025-10-09T16:00:26.027Z] METHOD: POST /api/v1/login
[2025-10-09T16:00:26.227Z] METHOD: POST /api/v1/login
[2025-10-09T16:00:26.433Z] METHOD: PATCH /api/v1/users/upgrade-premium
[2025-10-09T16:00:26.620Z] METHOD: PATCH /api/v1/users/upgrade-premium
[2025-10-09T16:00:26.743Z] METHOD: GET /api/v1/routines/categories
[2025-10-09T16:00:26.837Z] METHOD: POST /api/v1/routines/
[2025-10-09T16:00:27.053Z] METHOD: POST /api/v1/routines/
[2025-10-09T16:00:27.130Z] METHOD: GET /api/v1/routines
[2025-10-09T16:00:27.255Z] METHOD: GET /api/v1/routines/68e7dc1aee8d97a323e6436a
[2025-10-09T16:00:27.380Z] METHOD: GET /api/v1/routines/68e710be79cf6797c66d3da1
[2025-10-09T16:00:27.505Z] METHOD: PUT /api/v1/routines/68e7dc1aee8d97a323e6436a
[2025-10-09T16:00:27.693Z] METHOD: DELETE /api/v1/routines/68e7dc1aee8d97a323e6436a
[2025-10-09T16:00:27.908Z] METHOD: GET /api/v1/routines/count/
[2025-10-09T16:00:28.035Z] METHOD: POST /api/v1/signup
[2025-10-09T16:00:28.578Z] METHOD: POST /api/v1/login
[2025-10-09T16:00:28.766Z] METHOD: POST /api/v1/routines
[2025-10-09T16:00:29.284Z] METHOD: POST /api/v1/routines
[2025-10-09T16:00:29.534Z] METHOD: POST /api/v1/routines
[2025-10-09T16:00:30.235Z] METHOD: POST /api/v1/routines
[2025-10-09T16:00:31.107Z] METHOD: POST /api/v1/routines
[2025-10-09T16:00:31.725Z] METHOD: POST /api/v1/routines
[2025-10-09T16:00:32.359Z] METHOD: POST /api/v1/routines
[2025-10-09T16:00:32.530Z] METHOD: POST /api/v1/routines
[2025-10-09T16:00:32.780Z] METHOD: POST /api/v1/routines
[2025-10-09T16:00:32.968Z] METHOD: POST /api/v1/routines/
[2025-10-09T16:00:33.218Z] METHOD: POST /api/v1/routines/
[2025-10-09T16:00:33.416Z] METHOD: PATCH /api/v1/users/upgrade-premium
[2025-10-09T16:00:33.605Z] METHOD: POST /api/v1/routines/
[2025-10-09T16:05:04.445Z] METHOD: POST /api/v1/signup
[2025-10-09T16:05:04.916Z] METHOD: POST /api/v1/signup
[2025-10-09T16:05:05.011Z] METHOD: POST /api/v1/signup
[2025-10-09T16:05:05.134Z] METHOD: POST /api/v1/login
[2025-10-09T16:05:05.351Z] METHOD: POST /api/v1/login
[2025-10-09T16:05:05.600Z] METHOD: PATCH /api/v1/users/upgrade-premium
[2025-10-09T16:05:05.833Z] METHOD: PATCH /api/v1/users/upgrade-premium
[2025-10-09T16:05:05.958Z] METHOD: GET /api/v1/routines/categories
[2025-10-09T16:05:06.051Z] METHOD: POST /api/v1/routines/
[2025-10-09T16:05:06.286Z] METHOD: POST /api/v1/routines/
[2025-10-09T16:05:06.375Z] METHOD: GET /api/v1/routines
[2025-10-09T16:05:06.516Z] METHOD: GET /api/v1/routines/68e7dd32ee8d97a323e643d5
[2025-10-09T16:05:06.655Z] METHOD: GET /api/v1/routines/68e710be79cf6797c66d3da1
[2025-10-09T16:05:06.780Z] METHOD: PUT /api/v1/routines/68e7dd32ee8d97a323e643d5
[2025-10-09T16:05:06.969Z] METHOD: DELETE /api/v1/routines/68e7dd32ee8d97a323e643d5
[2025-10-09T16:05:07.169Z] METHOD: GET /api/v1/routines/count/
[2025-10-09T16:05:07.308Z] METHOD: POST /api/v1/signup
[2025-10-09T16:05:07.647Z] METHOD: POST /api/v1/login
[2025-10-09T16:05:07.914Z] METHOD: POST /api/v1/routines
[2025-10-09T16:05:08.070Z] METHOD: POST /api/v1/routines
[2025-10-09T16:05:08.239Z] METHOD: POST /api/v1/routines
[2025-10-09T16:05:08.413Z] METHOD: POST /api/v1/routines
[2025-10-09T16:05:08.568Z] METHOD: POST /api/v1/routines
[2025-10-09T16:05:08.724Z] METHOD: POST /api/v1/routines
[2025-10-09T16:05:08.881Z] METHOD: POST /api/v1/routines
[2025-10-09T16:05:09.049Z] METHOD: POST /api/v1/routines
[2025-10-09T16:05:09.234Z] METHOD: POST /api/v1/routines
[2025-10-09T16:05:09.409Z] METHOD: POST /api/v1/routines/
[2025-10-09T16:05:09.640Z] METHOD: POST /api/v1/routines/
[2025-10-09T16:05:09.843Z] METHOD: PATCH /api/v1/users/upgrade-premium
[2025-10-09T16:05:10.032Z] METHOD: POST /api/v1/routines/
[2025-10-09T16:06:03.772Z] METHOD: POST /api/v1/signup
[2025-10-09T16:06:04.137Z] METHOD: POST /api/v1/signup
[2025-10-09T16:06:04.230Z] METHOD: POST /api/v1/signup
[2025-10-09T16:06:04.386Z] METHOD: POST /api/v1/login
[2025-10-09T16:06:04.619Z] METHOD: POST /api/v1/login
[2025-10-09T16:06:04.900Z] METHOD: PATCH /api/v1/users/upgrade-premium
[2025-10-09T16:06:05.085Z] METHOD: PATCH /api/v1/users/upgrade-premium
[2025-10-09T16:06:05.224Z] METHOD: GET /api/v1/routines/categories
[2025-10-09T16:06:05.303Z] METHOD: POST /api/v1/routines/
[2025-10-09T16:06:05.552Z] METHOD: POST /api/v1/routines/
[2025-10-09T16:06:05.630Z] METHOD: GET /api/v1/routines
[2025-10-09T16:06:05.758Z] METHOD: GET /api/v1/routines/68e7dd6dee8d97a323e64440
[2025-10-09T16:06:05.883Z] METHOD: GET /api/v1/routines/68e710be79cf6797c66d3da1
[2025-10-09T16:06:06.008Z] METHOD: PUT /api/v1/routines/68e7dd6dee8d97a323e64440
[2025-10-09T16:06:06.261Z] METHOD: DELETE /api/v1/routines/68e7dd6dee8d97a323e64440
[2025-10-09T16:06:06.459Z] METHOD: GET /api/v1/routines/count/
[2025-10-09T16:06:06.570Z] METHOD: POST /api/v1/signup
[2025-10-09T16:06:06.912Z] METHOD: POST /api/v1/login
[2025-10-09T16:06:07.164Z] METHOD: POST /api/v1/routines
[2025-10-09T16:06:07.351Z] METHOD: POST /api/v1/routines
[2025-10-09T16:06:07.519Z] METHOD: POST /api/v1/routines
[2025-10-09T16:06:07.692Z] METHOD: POST /api/v1/routines
[2025-10-09T16:06:07.862Z] METHOD: POST /api/v1/routines
[2025-10-09T16:06:08.036Z] METHOD: POST /api/v1/routines
[2025-10-09T16:06:08.192Z] METHOD: POST /api/v1/routines
[2025-10-09T16:06:08.351Z] METHOD: POST /api/v1/routines
[2025-10-09T16:06:08.677Z] METHOD: POST /api/v1/routines
[2025-10-09T16:06:09.159Z] METHOD: POST /api/v1/routines/
[2025-10-09T16:06:09.442Z] METHOD: POST /api/v1/routines/
[2025-10-09T16:06:09.739Z] METHOD: PATCH /api/v1/users/upgrade-premium
[2025-10-09T16:06:10.014Z] METHOD: POST /api/v1/routines/
[2025-10-09T17:57:52.921Z] METHOD: POST /api/v1/signup
[2025-10-09T17:58:34.108Z] METHOD: POST /api/v1/signup
[2025-10-09T17:59:27.415Z] METHOD: POST /api/v1/signup
[2025-10-09T17:59:27.678Z] METHOD: POST /api/v1/signup
[2025-10-09T17:59:27.771Z] METHOD: POST /api/v1/signup
[2025-10-09T17:59:27.897Z] METHOD: POST /api/v1/login
[2025-10-09T17:59:28.111Z] METHOD: POST /api/v1/login
[2025-10-09T17:59:28.313Z] METHOD: PATCH /api/v1/users/upgrade-premium
[2025-10-09T17:59:28.499Z] METHOD: PATCH /api/v1/users/upgrade-premium
[2025-10-09T17:59:28.609Z] METHOD: GET /api/v1/routines/categories
[2025-10-09T17:59:28.687Z] METHOD: POST /api/v1/routines/
[2025-10-09T17:59:28.918Z] METHOD: POST /api/v1/routines/
[2025-10-09T17:59:28.977Z] METHOD: GET /api/v1/routines
[2025-10-09T17:59:29.103Z] METHOD: GET /api/v1/routines/68e7f800dcc80c696d2e321e
[2025-10-09T17:59:29.245Z] METHOD: GET /api/v1/routines/68e710be79cf6797c66d3da1
[2025-10-09T17:59:29.368Z] METHOD: PUT /api/v1/routines/68e7f800dcc80c696d2e321e
[2025-10-09T17:59:29.557Z] METHOD: DELETE /api/v1/routines/68e7f800dcc80c696d2e321e
[2025-10-09T17:59:29.724Z] METHOD: GET /api/v1/routines/count/
[2025-10-09T17:59:29.827Z] METHOD: POST /api/v1/signup
[2025-10-09T17:59:30.082Z] METHOD: POST /api/v1/login
[2025-10-09T17:59:30.254Z] METHOD: POST /api/v1/routines
[2025-10-09T17:59:30.395Z] METHOD: POST /api/v1/routines
[2025-10-09T17:59:30.536Z] METHOD: POST /api/v1/routines
[2025-10-09T17:59:30.693Z] METHOD: POST /api/v1/routines
[2025-10-09T17:59:31.160Z] METHOD: POST /api/v1/routines
[2025-10-09T17:59:31.576Z] METHOD: POST /api/v1/routines
[2025-10-09T17:59:31.884Z] METHOD: POST /api/v1/routines
[2025-10-09T17:59:32.130Z] METHOD: POST /api/v1/routines
[2025-10-09T17:59:32.398Z] METHOD: POST /api/v1/routines
[2025-10-09T17:59:32.713Z] METHOD: POST /api/v1/routines/
[2025-10-09T17:59:33.037Z] METHOD: POST /api/v1/routines/
[2025-10-09T17:59:33.287Z] METHOD: PATCH /api/v1/users/upgrade-premium
[2025-10-09T17:59:33.582Z] METHOD: POST /api/v1/routines/
[2025-10-09T18:13:54.204Z] METHOD: POST /api/v1/signup
[2025-10-09T18:13:54.762Z] METHOD: POST /api/v1/signup
[2025-10-09T18:13:54.854Z] METHOD: POST /api/v1/signup
[2025-10-09T18:13:55.164Z] METHOD: POST /api/v1/login
[2025-10-09T18:13:55.676Z] METHOD: POST /api/v1/login
[2025-10-09T18:13:55.909Z] METHOD: PATCH /api/v1/users/upgrade-premium
[2025-10-09T18:13:56.250Z] METHOD: PATCH /api/v1/users/upgrade-premium
[2025-10-09T18:13:56.439Z] METHOD: GET /api/v1/routines/categories
[2025-10-09T18:13:56.517Z] METHOD: POST /api/v1/routines/
[2025-10-09T18:13:56.937Z] METHOD: POST /api/v1/routines/
[2025-10-09T18:13:57.031Z] METHOD: GET /api/v1/routines
[2025-10-09T18:13:57.172Z] METHOD: GET /api/v1/routines/68e7fb6437ab451b2a8d9435
[2025-10-09T18:13:57.308Z] METHOD: GET /api/v1/routines/68e710be79cf6797c66d3da1
[2025-10-09T18:13:57.450Z] METHOD: PUT /api/v1/routines/68e7fb6437ab451b2a8d9435
[2025-10-09T18:13:57.633Z] METHOD: DELETE /api/v1/routines/68e7fb6437ab451b2a8d9435
[2025-10-09T18:13:57.815Z] METHOD: GET /api/v1/routines/count/
[2025-10-09T18:13:57.940Z] METHOD: POST /api/v1/signup
[2025-10-09T18:13:58.189Z] METHOD: POST /api/v1/login
[2025-10-09T18:13:58.373Z] METHOD: POST /api/v1/routines
[2025-10-09T18:13:58.531Z] METHOD: POST /api/v1/routines
[2025-10-09T18:13:58.678Z] METHOD: POST /api/v1/routines
[2025-10-09T18:13:58.823Z] METHOD: POST /api/v1/routines
[2025-10-09T18:13:58.979Z] METHOD: POST /api/v1/routines
[2025-10-09T18:13:59.132Z] METHOD: POST /api/v1/routines
[2025-10-09T18:13:59.275Z] METHOD: POST /api/v1/routines
[2025-10-09T18:13:59.428Z] METHOD: POST /api/v1/routines
[2025-10-09T18:13:59.583Z] METHOD: POST /api/v1/routines
[2025-10-09T18:13:59.752Z] METHOD: POST /api/v1/routines/
[2025-10-09T18:13:59.969Z] METHOD: POST /api/v1/routines/
[2025-10-09T18:14:00.158Z] METHOD: PATCH /api/v1/users/upgrade-premium
[2025-10-09T18:14:00.357Z] METHOD: POST /api/v1/routines/
[2025-10-09T20:03:44.713Z] METHOD: POST /api/v1/signup
[2025-10-09T20:03:58.743Z] METHOD: POST /api/v1/signup
[2025-10-09T21:47:00.187Z] METHOD: POST /api/v1/signup
[2025-10-09T21:47:10.602Z] METHOD: POST /api/v1/signup
[2025-10-09T21:47:23.529Z] METHOD: POST /api/v1/signup
[2025-10-09T21:47:23.787Z] METHOD: POST /api/v1/signup
[2025-10-09T21:47:23.882Z] METHOD: POST /api/v1/signup
[2025-10-09T21:47:24.025Z] METHOD: POST /api/v1/login
[2025-10-09T21:47:24.232Z] METHOD: POST /api/v1/login
[2025-10-09T21:47:24.448Z] METHOD: PATCH /api/v1/users/upgrade-premium
[2025-10-09T21:47:24.664Z] METHOD: PATCH /api/v1/users/upgrade-premium
[2025-10-09T21:47:24.791Z] METHOD: GET /api/v1/routines/categories
[2025-10-09T21:47:24.884Z] METHOD: POST /api/v1/routines/
[2025-10-09T21:47:25.119Z] METHOD: POST /api/v1/routines/
[2025-10-09T21:47:25.195Z] METHOD: GET /api/v1/routines
[2025-10-09T21:47:25.319Z] METHOD: GET /api/v1/routines/68e82d6cb593d77c3f7dd65d
[2025-10-09T21:47:25.429Z] METHOD: GET /api/v1/routines/68e710be79cf6797c66d3da1
[2025-10-09T21:47:25.537Z] METHOD: PUT /api/v1/routines/68e82d6cb593d77c3f7dd65d
[2025-10-09T21:47:25.721Z] METHOD: DELETE /api/v1/routines/68e82d6cb593d77c3f7dd65d
[2025-10-09T21:47:25.886Z] METHOD: GET /api/v1/routines/count/
[2025-10-09T21:47:26.004Z] METHOD: POST /api/v1/signup
[2025-10-09T21:47:26.264Z] METHOD: POST /api/v1/login
[2025-10-09T21:47:26.448Z] METHOD: POST /api/v1/routines
[2025-10-09T21:47:26.593Z] METHOD: POST /api/v1/routines
[2025-10-09T21:47:26.733Z] METHOD: POST /api/v1/routines
[2025-10-09T21:47:26.875Z] METHOD: POST /api/v1/routines
[2025-10-09T21:47:27.015Z] METHOD: POST /api/v1/routines
[2025-10-09T21:47:27.155Z] METHOD: POST /api/v1/routines
[2025-10-09T21:47:27.295Z] METHOD: POST /api/v1/routines
[2025-10-09T21:47:27.435Z] METHOD: POST /api/v1/routines
[2025-10-09T21:47:27.574Z] METHOD: POST /api/v1/routines
[2025-10-09T21:47:27.729Z] METHOD: POST /api/v1/routines/
[2025-10-09T21:47:27.911Z] METHOD: POST /api/v1/routines/
[2025-10-09T21:47:28.065Z] METHOD: PATCH /api/v1/users/upgrade-premium
[2025-10-09T21:47:28.233Z] METHOD: POST /api/v1/routines/
[2025-10-09T21:47:53.845Z] METHOD: PATCH /api/v1/users/upgrade-premium
[2025-10-09T21:48:41.494Z] METHOD: GET /api/v1/routines/count/
[2025-10-09T21:50:53.986Z] METHOD: POST /api/v1/signup
[2025-10-09T21:51:03.534Z] METHOD: POST /api/v1/login
[2025-10-09T21:51:09.248Z] METHOD: POST /api/v1/routines
[2025-10-09T21:51:09.388Z] METHOD: POST /api/v1/routines
[2025-10-09T21:51:09.528Z] METHOD: POST /api/v1/routines
[2025-10-09T21:51:09.666Z] METHOD: POST /api/v1/routines
[2025-10-09T21:51:09.807Z] METHOD: POST /api/v1/routines
[2025-10-09T21:51:09.948Z] METHOD: POST /api/v1/routines
[2025-10-09T21:51:10.090Z] METHOD: POST /api/v1/routines
[2025-10-09T21:51:10.230Z] METHOD: POST /api/v1/routines
[2025-10-09T21:51:10.396Z] METHOD: POST /api/v1/routines
[2025-10-09T21:51:10.567Z] METHOD: POST /api/v1/routines/
[2025-10-09T21:51:29.173Z] METHOD: GET /api/v1/routines/count/
[2025-10-09T21:51:37.574Z] METHOD: POST /api/v1/routines/
[2025-10-09T21:51:47.648Z] METHOD: PATCH /api/v1/users/upgrade-premium
[2025-10-09T21:51:54.886Z] METHOD: POST /api/v1/routines/
[2025-10-09T22:04:33.441Z] METHOD: POST /api/v1/signup
[2025-10-09T22:04:33.692Z] METHOD: POST /api/v1/signup
[2025-10-09T22:04:33.783Z] METHOD: POST /api/v1/signup
[2025-10-09T22:04:33.909Z] METHOD: POST /api/v1/login
[2025-10-09T22:04:34.124Z] METHOD: POST /api/v1/login
[2025-10-09T22:04:34.356Z] METHOD: PATCH /api/v1/users/upgrade-premium
[2025-10-09T22:04:34.526Z] METHOD: PATCH /api/v1/users/upgrade-premium
[2025-10-09T22:04:34.635Z] METHOD: GET /api/v1/routines/categories
[2025-10-09T22:04:34.729Z] METHOD: POST /api/v1/routines/
[2025-10-09T22:04:34.924Z] METHOD: POST /api/v1/routines/
[2025-10-09T22:04:35.018Z] METHOD: GET /api/v1/routines
[2025-10-09T22:04:35.144Z] METHOD: GET /api/v1/routines/68e83172b593d77c3f7dd70b
[2025-10-09T22:04:35.255Z] METHOD: GET /api/v1/routines/68e710be79cf6797c66d3da1
[2025-10-09T22:04:35.380Z] METHOD: PUT /api/v1/routines/68e83172b593d77c3f7dd70b
[2025-10-09T22:04:35.552Z] METHOD: DELETE /api/v1/routines/68e83172b593d77c3f7dd70b
[2025-10-09T22:04:35.707Z] METHOD: GET /api/v1/routines/count/
[2025-10-09T22:04:35.819Z] METHOD: POST /api/v1/signup
[2025-10-09T22:04:36.069Z] METHOD: POST /api/v1/login
[2025-10-09T22:04:36.263Z] METHOD: POST /api/v1/routines
[2025-10-09T22:04:36.405Z] METHOD: POST /api/v1/routines
[2025-10-09T22:04:36.542Z] METHOD: POST /api/v1/routines
[2025-10-09T22:04:36.680Z] METHOD: POST /api/v1/routines
[2025-10-09T22:04:36.804Z] METHOD: POST /api/v1/routines
[2025-10-09T22:04:36.944Z] METHOD: POST /api/v1/routines
[2025-10-09T22:04:37.069Z] METHOD: POST /api/v1/routines
[2025-10-09T22:04:37.194Z] METHOD: POST /api/v1/routines
[2025-10-09T22:04:37.317Z] METHOD: POST /api/v1/routines
[2025-10-09T22:04:37.458Z] METHOD: POST /api/v1/routines/
[2025-10-09T22:04:37.650Z] METHOD: POST /api/v1/routines/
[2025-10-09T22:04:37.811Z] METHOD: PATCH /api/v1/users/upgrade-premium
[2025-10-09T22:04:37.984Z] METHOD: POST /api/v1/routines/
[2025-10-09T22:07:21.294Z] METHOD: POST /api/v1/signup
[2025-10-09T22:07:21.587Z] METHOD: POST /api/v1/signup
[2025-10-09T22:07:21.678Z] METHOD: POST /api/v1/signup
[2025-10-09T22:07:21.801Z] METHOD: POST /api/v1/login
[2025-10-09T22:07:22.007Z] METHOD: POST /api/v1/login
[2025-10-09T22:07:22.207Z] METHOD: PATCH /api/v1/users/upgrade-premium
[2025-10-09T22:07:22.378Z] METHOD: PATCH /api/v1/users/upgrade-premium
[2025-10-09T22:07:22.502Z] METHOD: GET /api/v1/routines/categories
[2025-10-09T22:07:22.596Z] METHOD: POST /api/v1/routines/
[2025-10-09T22:07:22.805Z] METHOD: POST /api/v1/routines/
[2025-10-09T22:07:22.886Z] METHOD: GET /api/v1/routines
[2025-10-09T22:07:23.022Z] METHOD: GET /api/v1/routines/68e8321ab593d77c3f7dd776
[2025-10-09T22:07:23.145Z] METHOD: GET /api/v1/routines/68e710be79cf6797c66d3da1
[2025-10-09T22:07:23.267Z] METHOD: PUT /api/v1/routines/68e8321ab593d77c3f7dd776
[2025-10-09T22:07:23.438Z] METHOD: DELETE /api/v1/routines/68e8321ab593d77c3f7dd776
[2025-10-09T22:07:23.611Z] METHOD: GET /api/v1/routines/count/
[2025-10-09T22:07:23.718Z] METHOD: POST /api/v1/signup
[2025-10-09T22:07:23.968Z] METHOD: POST /api/v1/login
[2025-10-09T22:07:24.209Z] METHOD: POST /api/v1/routines
[2025-10-09T22:07:24.348Z] METHOD: POST /api/v1/routines
[2025-10-09T22:07:24.487Z] METHOD: POST /api/v1/routines
[2025-10-09T22:07:24.626Z] METHOD: POST /api/v1/routines
[2025-10-09T22:07:24.765Z] METHOD: POST /api/v1/routines
[2025-10-09T22:07:24.904Z] METHOD: POST /api/v1/routines
[2025-10-09T22:07:25.060Z] METHOD: POST /api/v1/routines
[2025-10-09T22:07:25.200Z] METHOD: POST /api/v1/routines
[2025-10-09T22:07:25.326Z] METHOD: POST /api/v1/routines
[2025-10-09T22:07:25.482Z] METHOD: POST /api/v1/routines/
[2025-10-09T22:07:25.683Z] METHOD: POST /api/v1/routines/
[2025-10-09T22:07:25.837Z] METHOD: PATCH /api/v1/users/upgrade-premium
[2025-10-09T22:07:26.005Z] METHOD: POST /api/v1/routines/
[2025-10-09T22:38:17.329Z] METHOD: POST /api/v1/signup
[2025-10-09T22:38:22.063Z] METHOD: POST /api/v1/signup
[2025-10-09T22:38:59.648Z] METHOD: POST /api/v1/signup
[2025-10-09T22:39:09.532Z] METHOD: POST /api/v1/signup
[2025-10-09T22:39:19.728Z] METHOD: POST /api/v1/login
[2025-10-09T22:39:24.458Z] METHOD: POST /api/v1/login
[2025-10-09T22:39:31.378Z] METHOD: PATCH /api/v1/users/upgrade-premium
[2025-10-09T23:06:17.192Z] METHOD: POST /api/v1/signup
[2025-10-09T23:06:17.497Z] METHOD: POST /api/v1/signup
[2025-10-09T23:06:17.610Z] METHOD: POST /api/v1/signup
[2025-10-09T23:06:17.741Z] METHOD: POST /api/v1/login
[2025-10-09T23:06:17.974Z] METHOD: POST /api/v1/login
[2025-10-09T23:06:18.219Z] METHOD: PATCH /api/v1/users/upgrade-premium
[2025-10-09T23:06:18.390Z] METHOD: PATCH /api/v1/users/upgrade-premium
[2025-10-09T23:06:18.514Z] METHOD: GET /api/v1/routines/categories
[2025-10-09T23:06:18.612Z] METHOD: POST /api/v1/routines/
[2025-10-09T23:06:18.832Z] METHOD: POST /api/v1/routines/
[2025-10-09T23:06:18.917Z] METHOD: GET /api/v1/routines
[2025-10-09T23:06:19.059Z] METHOD: GET /api/v1/routines/68e83fea6efdf42ac579e8e3
[2025-10-09T23:06:19.183Z] METHOD: GET /api/v1/routines/68e710be79cf6797c66d3da1
[2025-10-09T23:06:19.306Z] METHOD: PUT /api/v1/routines/68e83fea6efdf42ac579e8e3
[2025-10-09T23:06:19.491Z] METHOD: DELETE /api/v1/routines/68e83fea6efdf42ac579e8e3
[2025-10-09T23:06:19.680Z] METHOD: GET /api/v1/routines/count/
[2025-10-09T23:06:19.798Z] METHOD: POST /api/v1/signup
[2025-10-09T23:06:20.046Z] METHOD: POST /api/v1/login
[2025-10-09T23:06:20.247Z] METHOD: POST /api/v1/routines
[2025-10-09T23:06:20.388Z] METHOD: POST /api/v1/routines
[2025-10-09T23:06:20.541Z] METHOD: POST /api/v1/routines
[2025-10-09T23:06:20.678Z] METHOD: POST /api/v1/routines
[2025-10-09T23:06:20.818Z] METHOD: POST /api/v1/routines
[2025-10-09T23:06:20.990Z] METHOD: POST /api/v1/routines
[2025-10-09T23:06:21.130Z] METHOD: POST /api/v1/routines
[2025-10-09T23:06:21.270Z] METHOD: POST /api/v1/routines
[2025-10-09T23:06:21.406Z] METHOD: POST /api/v1/routines
[2025-10-09T23:06:21.561Z] METHOD: POST /api/v1/routines/
[2025-10-09T23:06:21.764Z] METHOD: POST /api/v1/routines/
[2025-10-09T23:06:21.932Z] METHOD: PATCH /api/v1/users/upgrade-premium
[2025-10-09T23:06:22.073Z] METHOD: POST /api/v1/routines/
[2025-10-09T23:08:26.856Z] METHOD: POST /api/v1/signup
[2025-10-09T23:08:27.134Z] METHOD: POST /api/v1/signup
[2025-10-09T23:08:27.228Z] METHOD: POST /api/v1/signup
[2025-10-09T23:08:27.352Z] METHOD: POST /api/v1/login
[2025-10-09T23:08:27.672Z] METHOD: POST /api/v1/login
[2025-10-09T23:08:27.887Z] METHOD: PATCH /api/v1/users/upgrade-premium
[2025-10-09T23:08:28.054Z] METHOD: PATCH /api/v1/users/upgrade-premium
[2025-10-09T23:08:28.166Z] METHOD: GET /api/v1/routines/categories
[2025-10-09T23:08:28.259Z] METHOD: POST /api/v1/routines/
[2025-10-09T23:08:28.464Z] METHOD: POST /api/v1/routines/
[2025-10-09T23:08:28.543Z] METHOD: GET /api/v1/routines
[2025-10-09T23:08:28.686Z] METHOD: GET /api/v1/routines/68e8406c6efdf42ac579e94e
[2025-10-09T23:08:28.808Z] METHOD: GET /api/v1/routines/68e710be79cf6797c66d3da1
[2025-10-09T23:08:28.933Z] METHOD: PUT /api/v1/routines/68e8406c6efdf42ac579e94e
[2025-10-09T23:08:29.101Z] METHOD: DELETE /api/v1/routines/68e8406c6efdf42ac579e94e
[2025-10-09T23:08:29.270Z] METHOD: GET /api/v1/routines/count/
[2025-10-09T23:08:29.410Z] METHOD: POST /api/v1/signup
[2025-10-09T23:08:29.671Z] METHOD: POST /api/v1/login
[2025-10-09T23:08:29.884Z] METHOD: POST /api/v1/routines
[2025-10-09T23:08:30.025Z] METHOD: POST /api/v1/routines
[2025-10-09T23:08:30.181Z] METHOD: POST /api/v1/routines
[2025-10-09T23:08:30.321Z] METHOD: POST /api/v1/routines
[2025-10-09T23:08:30.489Z] METHOD: POST /api/v1/routines
[2025-10-09T23:08:30.628Z] METHOD: POST /api/v1/routines
[2025-10-09T23:08:30.768Z] METHOD: POST /api/v1/routines
[2025-10-09T23:08:30.908Z] METHOD: POST /api/v1/routines
[2025-10-09T23:08:31.046Z] METHOD: POST /api/v1/routines
[2025-10-09T23:08:31.188Z] METHOD: POST /api/v1/routines/
[2025-10-09T23:08:31.386Z] METHOD: POST /api/v1/routines/
[2025-10-09T23:08:31.555Z] METHOD: PATCH /api/v1/users/upgrade-premium
[2025-10-09T23:08:31.743Z] METHOD: POST /api/v1/routines/
